[2019-02-27 18:08:10] local.ERROR: The Pusher library requires the PHP cURL module. Please ensure it is installed {"exception":"[object] (Pusher\\PusherException(code: 0): The Pusher library requires the PHP cURL module. Please ensure it is installed at /var/www/html/laravel-auth/vendor/pusher/pusher-php-server/src/Pusher.php:235)
[stacktrace]
#0 /var/www/html/laravel-auth/vendor/pusher/pusher-php-server/src/Pusher.php(71): Pusher\\Pusher->check_compatibility()
#1 /var/www/html/laravel-auth/vendor/laravel/framework/src/Illuminate/Broadcasting/BroadcastManager.php(213): Pusher\\Pusher->__construct('', '', '', Array)
#2 /var/www/html/laravel-auth/vendor/laravel/framework/src/Illuminate/Broadcasting/BroadcastManager.php(189): Illuminate\\Broadcasting\\BroadcastManager->createPusherDriver(Array)
#3 /var/www/html/laravel-auth/vendor/laravel/framework/src/Illuminate/Broadcasting/BroadcastManager.php(164): Illuminate\\Broadcasting\\BroadcastManager->resolve('pusher')
#4 /var/www/html/laravel-auth/vendor/laravel/framework/src/Illuminate/Broadcasting/BroadcastManager.php(153): Illuminate\\Broadcasting\\BroadcastManager->get('pusher')
#5 /var/www/html/laravel-auth/vendor/laravel/framework/src/Illuminate/Broadcasting/BroadcastManager.php(319): Illuminate\\Broadcasting\\BroadcastManager->driver()
#6 /var/www/html/laravel-auth/vendor/laravel/framework/src/Illuminate/Support/Facades/Facade.php(237): Illuminate\\Broadcasting\\BroadcastManager->__call('channel', Array)
#7 /var/www/html/laravel-auth/routes/channels.php(22): Illuminate\\Support\\Facades\\Facade::__callStatic('channel', Array)
#8 /var/www/html/laravel-auth/app/Providers/BroadcastServiceProvider.php(19): require('/var/www/html/l...')
#9 [internal function]: App\\Providers\\BroadcastServiceProvider->boot()
#10 /var/www/html/laravel-auth/vendor/laravel/framework/src/Illuminate/Container/BoundMethod.php(29): call_user_func_array(Array, Array)
#11 /var/www/html/laravel-auth/vendor/laravel/framework/src/Illuminate/Container/BoundMethod.php(87): Illuminate\\Container\\BoundMethod::Illuminate\\Container\\{closure}()
#12 /var/www/html/laravel-auth/vendor/laravel/framework/src/Illuminate/Container/BoundMethod.php(31): Illuminate\\Container\\BoundMethod::callBoundMethod(Object(Illuminate\\Foundation\\Application), Array, Object(Closure))
#13 /var/www/html/laravel-auth/vendor/laravel/framework/src/Illuminate/Container/Container.php(572): Illuminate\\Container\\BoundMethod::call(Object(Illuminate\\Foundation\\Application), Array, Array, NULL)
#14 /var/www/html/laravel-auth/vendor/laravel/framework/src/Illuminate/Foundation/Application.php(819): Illuminate\\Container\\Container->call(Array)
#15 /var/www/html/laravel-auth/vendor/laravel/framework/src/Illuminate/Foundation/Application.php(802): Illuminate\\Foundation\\Application->bootProvider(Object(App\\Providers\\BroadcastServiceProvider))
#16 [internal function]: Illuminate\\Foundation\\Application->Illuminate\\Foundation\\{closure}(Object(App\\Providers\\BroadcastServiceProvider), 32)
#17 /var/www/html/laravel-auth/vendor/laravel/framework/src/Illuminate/Foundation/Application.php(803): array_walk(Array, Object(Closure))
#18 /var/www/html/laravel-auth/vendor/laravel/framework/src/Illuminate/Foundation/Bootstrap/BootProviders.php(17): Illuminate\\Foundation\\Application->boot()
#19 /var/www/html/laravel-auth/vendor/laravel/framework/src/Illuminate/Foundation/Application.php(211): Illuminate\\Foundation\\Bootstrap\\BootProviders->bootstrap(Object(Illuminate\\Foundation\\Application))
#20 /var/www/html/laravel-auth/vendor/laravel/framework/src/Illuminate/Foundation/Http/Kernel.php(162): Illuminate\\Foundation\\Application->bootstrapWith(Array)
#21 /var/www/html/laravel-auth/vendor/laravel/framework/src/Illuminate/Foundation/Http/Kernel.php(146): Illuminate\\Foundation\\Http\\Kernel->bootstrap()
#22 /var/www/html/laravel-auth/vendor/laravel/framework/src/Illuminate/Foundation/Http/Kernel.php(116): Illuminate\\Foundation\\Http\\Kernel->sendRequestThroughRouter(Object(Illuminate\\Http\\Request))
#23 /var/www/html/laravel-auth/public/index.php(52): Illuminate\\Foundation\\Http\\Kernel->handle(Object(Illuminate\\Http\\Request))
#24 {main}
"} 
[2019-02-27 18:09:22] local.ERROR: The Pusher library requires the PHP cURL module. Please ensure it is installed {"exception":"[object] (Pusher\\PusherException(code: 0): The Pusher library requires the PHP cURL module. Please ensure it is installed at /var/www/html/laravel-auth/vendor/pusher/pusher-php-server/src/Pusher.php:235)
[stacktrace]
#0 /var/www/html/laravel-auth/vendor/pusher/pusher-php-server/src/Pusher.php(71): Pusher\\Pusher->check_compatibility()
#1 /var/www/html/laravel-auth/vendor/laravel/framework/src/Illuminate/Broadcasting/BroadcastManager.php(213): Pusher\\Pusher->__construct('', '', '', Array)
#2 /var/www/html/laravel-auth/vendor/laravel/framework/src/Illuminate/Broadcasting/BroadcastManager.php(189): Illuminate\\Broadcasting\\BroadcastManager->createPusherDriver(Array)
#3 /var/www/html/laravel-auth/vendor/laravel/framework/src/Illuminate/Broadcasting/BroadcastManager.php(164): Illuminate\\Broadcasting\\BroadcastManager->resolve('pusher')
#4 /var/www/html/laravel-auth/vendor/laravel/framework/src/Illuminate/Broadcasting/BroadcastManager.php(153): Illuminate\\Broadcasting\\BroadcastManager->get('pusher')
#5 /var/www/html/laravel-auth/vendor/laravel/framework/src/Illuminate/Broadcasting/BroadcastManager.php(319): Illuminate\\Broadcasting\\BroadcastManager->driver()
#6 /var/www/html/laravel-auth/vendor/laravel/framework/src/Illuminate/Support/Facades/Facade.php(237): Illuminate\\Broadcasting\\BroadcastManager->__call('channel', Array)
#7 /var/www/html/laravel-auth/routes/channels.php(22): Illuminate\\Support\\Facades\\Facade::__callStatic('channel', Array)
#8 /var/www/html/laravel-auth/app/Providers/BroadcastServiceProvider.php(19): require('/var/www/html/l...')
#9 [internal function]: App\\Providers\\BroadcastServiceProvider->boot()
#10 /var/www/html/laravel-auth/vendor/laravel/framework/src/Illuminate/Container/BoundMethod.php(29): call_user_func_array(Array, Array)
#11 /var/www/html/laravel-auth/vendor/laravel/framework/src/Illuminate/Container/BoundMethod.php(87): Illuminate\\Container\\BoundMethod::Illuminate\\Container\\{closure}()
#12 /var/www/html/laravel-auth/vendor/laravel/framework/src/Illuminate/Container/BoundMethod.php(31): Illuminate\\Container\\BoundMethod::callBoundMethod(Object(Illuminate\\Foundation\\Application), Array, Object(Closure))
#13 /var/www/html/laravel-auth/vendor/laravel/framework/src/Illuminate/Container/Container.php(572): Illuminate\\Container\\BoundMethod::call(Object(Illuminate\\Foundation\\Application), Array, Array, NULL)
#14 /var/www/html/laravel-auth/vendor/laravel/framework/src/Illuminate/Foundation/Application.php(819): Illuminate\\Container\\Container->call(Array)
#15 /var/www/html/laravel-auth/vendor/laravel/framework/src/Illuminate/Foundation/Application.php(802): Illuminate\\Foundation\\Application->bootProvider(Object(App\\Providers\\BroadcastServiceProvider))
#16 [internal function]: Illuminate\\Foundation\\Application->Illuminate\\Foundation\\{closure}(Object(App\\Providers\\BroadcastServiceProvider), 32)
#17 /var/www/html/laravel-auth/vendor/laravel/framework/src/Illuminate/Foundation/Application.php(803): array_walk(Array, Object(Closure))
#18 /var/www/html/laravel-auth/vendor/laravel/framework/src/Illuminate/Foundation/Bootstrap/BootProviders.php(17): Illuminate\\Foundation\\Application->boot()
#19 /var/www/html/laravel-auth/vendor/laravel/framework/src/Illuminate/Foundation/Application.php(211): Illuminate\\Foundation\\Bootstrap\\BootProviders->bootstrap(Object(Illuminate\\Foundation\\Application))
#20 /var/www/html/laravel-auth/vendor/laravel/framework/src/Illuminate/Foundation/Http/Kernel.php(162): Illuminate\\Foundation\\Application->bootstrapWith(Array)
#21 /var/www/html/laravel-auth/vendor/laravel/framework/src/Illuminate/Foundation/Http/Kernel.php(146): Illuminate\\Foundation\\Http\\Kernel->bootstrap()
#22 /var/www/html/laravel-auth/vendor/laravel/framework/src/Illuminate/Foundation/Http/Kernel.php(116): Illuminate\\Foundation\\Http\\Kernel->sendRequestThroughRouter(Object(Illuminate\\Http\\Request))
#23 /var/www/html/laravel-auth/public/index.php(52): Illuminate\\Foundation\\Http\\Kernel->handle(Object(Illuminate\\Http\\Request))
#24 {main}
"} 
[2019-02-27 18:09:23] local.ERROR: The Pusher library requires the PHP cURL module. Please ensure it is installed {"exception":"[object] (Pusher\\PusherException(code: 0): The Pusher library requires the PHP cURL module. Please ensure it is installed at /var/www/html/laravel-auth/vendor/pusher/pusher-php-server/src/Pusher.php:235)
[stacktrace]
#0 /var/www/html/laravel-auth/vendor/pusher/pusher-php-server/src/Pusher.php(71): Pusher\\Pusher->check_compatibility()
#1 /var/www/html/laravel-auth/vendor/laravel/framework/src/Illuminate/Broadcasting/BroadcastManager.php(213): Pusher\\Pusher->__construct('', '', '', Array)
#2 /var/www/html/laravel-auth/vendor/laravel/framework/src/Illuminate/Broadcasting/BroadcastManager.php(189): Illuminate\\Broadcasting\\BroadcastManager->createPusherDriver(Array)
#3 /var/www/html/laravel-auth/vendor/laravel/framework/src/Illuminate/Broadcasting/BroadcastManager.php(164): Illuminate\\Broadcasting\\BroadcastManager->resolve('pusher')
#4 /var/www/html/laravel-auth/vendor/laravel/framework/src/Illuminate/Broadcasting/BroadcastManager.php(153): Illuminate\\Broadcasting\\BroadcastManager->get('pusher')
#5 /var/www/html/laravel-auth/vendor/laravel/framework/src/Illuminate/Broadcasting/BroadcastManager.php(319): Illuminate\\Broadcasting\\BroadcastManager->driver()
#6 /var/www/html/laravel-auth/vendor/laravel/framework/src/Illuminate/Support/Facades/Facade.php(237): Illuminate\\Broadcasting\\BroadcastManager->__call('channel', Array)
#7 /var/www/html/laravel-auth/routes/channels.php(22): Illuminate\\Support\\Facades\\Facade::__callStatic('channel', Array)
#8 /var/www/html/laravel-auth/app/Providers/BroadcastServiceProvider.php(19): require('/var/www/html/l...')
#9 [internal function]: App\\Providers\\BroadcastServiceProvider->boot()
#10 /var/www/html/laravel-auth/vendor/laravel/framework/src/Illuminate/Container/BoundMethod.php(29): call_user_func_array(Array, Array)
#11 /var/www/html/laravel-auth/vendor/laravel/framework/src/Illuminate/Container/BoundMethod.php(87): Illuminate\\Container\\BoundMethod::Illuminate\\Container\\{closure}()
#12 /var/www/html/laravel-auth/vendor/laravel/framework/src/Illuminate/Container/BoundMethod.php(31): Illuminate\\Container\\BoundMethod::callBoundMethod(Object(Illuminate\\Foundation\\Application), Array, Object(Closure))
#13 /var/www/html/laravel-auth/vendor/laravel/framework/src/Illuminate/Container/Container.php(572): Illuminate\\Container\\BoundMethod::call(Object(Illuminate\\Foundation\\Application), Array, Array, NULL)
#14 /var/www/html/laravel-auth/vendor/laravel/framework/src/Illuminate/Foundation/Application.php(819): Illuminate\\Container\\Container->call(Array)
#15 /var/www/html/laravel-auth/vendor/laravel/framework/src/Illuminate/Foundation/Application.php(802): Illuminate\\Foundation\\Application->bootProvider(Object(App\\Providers\\BroadcastServiceProvider))
#16 [internal function]: Illuminate\\Foundation\\Application->Illuminate\\Foundation\\{closure}(Object(App\\Providers\\BroadcastServiceProvider), 32)
#17 /var/www/html/laravel-auth/vendor/laravel/framework/src/Illuminate/Foundation/Application.php(803): array_walk(Array, Object(Closure))
#18 /var/www/html/laravel-auth/vendor/laravel/framework/src/Illuminate/Foundation/Bootstrap/BootProviders.php(17): Illuminate\\Foundation\\Application->boot()
#19 /var/www/html/laravel-auth/vendor/laravel/framework/src/Illuminate/Foundation/Application.php(211): Illuminate\\Foundation\\Bootstrap\\BootProviders->bootstrap(Object(Illuminate\\Foundation\\Application))
#20 /var/www/html/laravel-auth/vendor/laravel/framework/src/Illuminate/Foundation/Http/Kernel.php(162): Illuminate\\Foundation\\Application->bootstrapWith(Array)
#21 /var/www/html/laravel-auth/vendor/laravel/framework/src/Illuminate/Foundation/Http/Kernel.php(146): Illuminate\\Foundation\\Http\\Kernel->bootstrap()
#22 /var/www/html/laravel-auth/vendor/laravel/framework/src/Illuminate/Foundation/Http/Kernel.php(116): Illuminate\\Foundation\\Http\\Kernel->sendRequestThroughRouter(Object(Illuminate\\Http\\Request))
#23 /var/www/html/laravel-auth/public/index.php(52): Illuminate\\Foundation\\Http\\Kernel->handle(Object(Illuminate\\Http\\Request))
#24 {main}
"} 
[2019-02-27 18:09:48] local.ERROR: The Pusher library requires the PHP cURL module. Please ensure it is installed {"exception":"[object] (Pusher\\PusherException(code: 0): The Pusher library requires the PHP cURL module. Please ensure it is installed at /var/www/html/laravel-auth/vendor/pusher/pusher-php-server/src/Pusher.php:235)
[stacktrace]
#0 /var/www/html/laravel-auth/vendor/pusher/pusher-php-server/src/Pusher.php(71): Pusher\\Pusher->check_compatibility()
#1 /var/www/html/laravel-auth/vendor/laravel/framework/src/Illuminate/Broadcasting/BroadcastManager.php(213): Pusher\\Pusher->__construct('', '', '', Array)
#2 /var/www/html/laravel-auth/vendor/laravel/framework/src/Illuminate/Broadcasting/BroadcastManager.php(189): Illuminate\\Broadcasting\\BroadcastManager->createPusherDriver(Array)
#3 /var/www/html/laravel-auth/vendor/laravel/framework/src/Illuminate/Broadcasting/BroadcastManager.php(164): Illuminate\\Broadcasting\\BroadcastManager->resolve('pusher')
#4 /var/www/html/laravel-auth/vendor/laravel/framework/src/Illuminate/Broadcasting/BroadcastManager.php(153): Illuminate\\Broadcasting\\BroadcastManager->get('pusher')
#5 /var/www/html/laravel-auth/vendor/laravel/framework/src/Illuminate/Broadcasting/BroadcastManager.php(319): Illuminate\\Broadcasting\\BroadcastManager->driver()
#6 /var/www/html/laravel-auth/vendor/laravel/framework/src/Illuminate/Support/Facades/Facade.php(237): Illuminate\\Broadcasting\\BroadcastManager->__call('channel', Array)
#7 /var/www/html/laravel-auth/routes/channels.php(22): Illuminate\\Support\\Facades\\Facade::__callStatic('channel', Array)
#8 /var/www/html/laravel-auth/app/Providers/BroadcastServiceProvider.php(19): require('/var/www/html/l...')
#9 [internal function]: App\\Providers\\BroadcastServiceProvider->boot()
#10 /var/www/html/laravel-auth/vendor/laravel/framework/src/Illuminate/Container/BoundMethod.php(29): call_user_func_array(Array, Array)
#11 /var/www/html/laravel-auth/vendor/laravel/framework/src/Illuminate/Container/BoundMethod.php(87): Illuminate\\Container\\BoundMethod::Illuminate\\Container\\{closure}()
#12 /var/www/html/laravel-auth/vendor/laravel/framework/src/Illuminate/Container/BoundMethod.php(31): Illuminate\\Container\\BoundMethod::callBoundMethod(Object(Illuminate\\Foundation\\Application), Array, Object(Closure))
#13 /var/www/html/laravel-auth/vendor/laravel/framework/src/Illuminate/Container/Container.php(572): Illuminate\\Container\\BoundMethod::call(Object(Illuminate\\Foundation\\Application), Array, Array, NULL)
#14 /var/www/html/laravel-auth/vendor/laravel/framework/src/Illuminate/Foundation/Application.php(819): Illuminate\\Container\\Container->call(Array)
#15 /var/www/html/laravel-auth/vendor/laravel/framework/src/Illuminate/Foundation/Application.php(802): Illuminate\\Foundation\\Application->bootProvider(Object(App\\Providers\\BroadcastServiceProvider))
#16 [internal function]: Illuminate\\Foundation\\Application->Illuminate\\Foundation\\{closure}(Object(App\\Providers\\BroadcastServiceProvider), 32)
#17 /var/www/html/laravel-auth/vendor/laravel/framework/src/Illuminate/Foundation/Application.php(803): array_walk(Array, Object(Closure))
#18 /var/www/html/laravel-auth/vendor/laravel/framework/src/Illuminate/Foundation/Bootstrap/BootProviders.php(17): Illuminate\\Foundation\\Application->boot()
#19 /var/www/html/laravel-auth/vendor/laravel/framework/src/Illuminate/Foundation/Application.php(211): Illuminate\\Foundation\\Bootstrap\\BootProviders->bootstrap(Object(Illuminate\\Foundation\\Application))
#20 /var/www/html/laravel-auth/vendor/laravel/framework/src/Illuminate/Foundation/Http/Kernel.php(162): Illuminate\\Foundation\\Application->bootstrapWith(Array)
#21 /var/www/html/laravel-auth/vendor/laravel/framework/src/Illuminate/Foundation/Http/Kernel.php(146): Illuminate\\Foundation\\Http\\Kernel->bootstrap()
#22 /var/www/html/laravel-auth/vendor/laravel/framework/src/Illuminate/Foundation/Http/Kernel.php(116): Illuminate\\Foundation\\Http\\Kernel->sendRequestThroughRouter(Object(Illuminate\\Http\\Request))
#23 /var/www/html/laravel-auth/public/index.php(52): Illuminate\\Foundation\\Http\\Kernel->handle(Object(Illuminate\\Http\\Request))
#24 {main}
"} 
[2019-02-27 18:10:16] local.ERROR: The Pusher library requires the PHP cURL module. Please ensure it is installed {"exception":"[object] (Pusher\\PusherException(code: 0): The Pusher library requires the PHP cURL module. Please ensure it is installed at /var/www/html/laravel-auth/vendor/pusher/pusher-php-server/src/Pusher.php:235)
[stacktrace]
#0 /var/www/html/laravel-auth/vendor/pusher/pusher-php-server/src/Pusher.php(71): Pusher\\Pusher->check_compatibility()
#1 /var/www/html/laravel-auth/vendor/laravel/framework/src/Illuminate/Broadcasting/BroadcastManager.php(213): Pusher\\Pusher->__construct('', '', '', Array)
#2 /var/www/html/laravel-auth/vendor/laravel/framework/src/Illuminate/Broadcasting/BroadcastManager.php(189): Illuminate\\Broadcasting\\BroadcastManager->createPusherDriver(Array)
#3 /var/www/html/laravel-auth/vendor/laravel/framework/src/Illuminate/Broadcasting/BroadcastManager.php(164): Illuminate\\Broadcasting\\BroadcastManager->resolve('pusher')
#4 /var/www/html/laravel-auth/vendor/laravel/framework/src/Illuminate/Broadcasting/BroadcastManager.php(153): Illuminate\\Broadcasting\\BroadcastManager->get('pusher')
#5 /var/www/html/laravel-auth/vendor/laravel/framework/src/Illuminate/Broadcasting/BroadcastManager.php(319): Illuminate\\Broadcasting\\BroadcastManager->driver()
#6 /var/www/html/laravel-auth/vendor/laravel/framework/src/Illuminate/Support/Facades/Facade.php(237): Illuminate\\Broadcasting\\BroadcastManager->__call('channel', Array)
#7 /var/www/html/laravel-auth/routes/channels.php(22): Illuminate\\Support\\Facades\\Facade::__callStatic('channel', Array)
#8 /var/www/html/laravel-auth/app/Providers/BroadcastServiceProvider.php(19): require('/var/www/html/l...')
#9 [internal function]: App\\Providers\\BroadcastServiceProvider->boot()
#10 /var/www/html/laravel-auth/vendor/laravel/framework/src/Illuminate/Container/BoundMethod.php(29): call_user_func_array(Array, Array)
#11 /var/www/html/laravel-auth/vendor/laravel/framework/src/Illuminate/Container/BoundMethod.php(87): Illuminate\\Container\\BoundMethod::Illuminate\\Container\\{closure}()
#12 /var/www/html/laravel-auth/vendor/laravel/framework/src/Illuminate/Container/BoundMethod.php(31): Illuminate\\Container\\BoundMethod::callBoundMethod(Object(Illuminate\\Foundation\\Application), Array, Object(Closure))
#13 /var/www/html/laravel-auth/vendor/laravel/framework/src/Illuminate/Container/Container.php(572): Illuminate\\Container\\BoundMethod::call(Object(Illuminate\\Foundation\\Application), Array, Array, NULL)
#14 /var/www/html/laravel-auth/vendor/laravel/framework/src/Illuminate/Foundation/Application.php(819): Illuminate\\Container\\Container->call(Array)
#15 /var/www/html/laravel-auth/vendor/laravel/framework/src/Illuminate/Foundation/Application.php(802): Illuminate\\Foundation\\Application->bootProvider(Object(App\\Providers\\BroadcastServiceProvider))
#16 [internal function]: Illuminate\\Foundation\\Application->Illuminate\\Foundation\\{closure}(Object(App\\Providers\\BroadcastServiceProvider), 32)
#17 /var/www/html/laravel-auth/vendor/laravel/framework/src/Illuminate/Foundation/Application.php(803): array_walk(Array, Object(Closure))
#18 /var/www/html/laravel-auth/vendor/laravel/framework/src/Illuminate/Foundation/Bootstrap/BootProviders.php(17): Illuminate\\Foundation\\Application->boot()
#19 /var/www/html/laravel-auth/vendor/laravel/framework/src/Illuminate/Foundation/Application.php(211): Illuminate\\Foundation\\Bootstrap\\BootProviders->bootstrap(Object(Illuminate\\Foundation\\Application))
#20 /var/www/html/laravel-auth/vendor/laravel/framework/src/Illuminate/Foundation/Http/Kernel.php(162): Illuminate\\Foundation\\Application->bootstrapWith(Array)
#21 /var/www/html/laravel-auth/vendor/laravel/framework/src/Illuminate/Foundation/Http/Kernel.php(146): Illuminate\\Foundation\\Http\\Kernel->bootstrap()
#22 /var/www/html/laravel-auth/vendor/laravel/framework/src/Illuminate/Foundation/Http/Kernel.php(116): Illuminate\\Foundation\\Http\\Kernel->sendRequestThroughRouter(Object(Illuminate\\Http\\Request))
#23 /var/www/html/laravel-auth/public/index.php(52): Illuminate\\Foundation\\Http\\Kernel->handle(Object(Illuminate\\Http\\Request))
#24 {main}
"} 
